<?xml version="1.0" encoding="UTF-8"?>
<!-- Generated by org.testng.reporters.JUnitReportReporter -->
<testsuite skipped="0" hostname="DESKTOP-8JNBCDA" name="com.noorteck.qa.tests.FormsPageTest" tests="1" failures="0" timestamp="2019-12-28T09:17:22 EST" time="16.553" errors="0">
  <testcase name="createNewForm" time="16.553" classname="com.noorteck.qa.tests.FormsPageTest"/>
</testsuite> <!-- com.noorteck.qa.tests.FormsPageTest -->
