<?xml version="1.0" encoding="UTF-8"?>
<!-- Generated by org.testng.reporters.JUnitReportReporter -->
<testsuite skipped="0" hostname="DESKTOP-8JNBCDA" name="com.noorteck.qa.tests.HomePageTest1" tests="2" failures="0" timestamp="2019-12-28T14:06:37 EST" time="29.357" errors="0">
  <testcase name="homePageTitleTest" time="14.752" classname="com.noorteck.qa.tests.HomePageTest1"/>
  <testcase name="homePageUserNameTest" time="14.605" classname="com.noorteck.qa.tests.HomePageTest1"/>
</testsuite> <!-- com.noorteck.qa.tests.HomePageTest1 -->
