<?xml version="1.0" encoding="UTF-8"?>
<!-- Generated by org.testng.reporters.JUnitReportReporter -->
<testsuite skipped="0" hostname="DESKTOP-8JNBCDA" name="com.noorteck.qa.tests.LoginPageTest" tests="2" failures="0" timestamp="2019-12-22T13:53:14 EST" time="28.790" errors="0">
  <testcase name="loginTest" time="14.005" classname="com.noorteck.qa.tests.LoginPageTest"/>
  <testcase name="negLoginTest" time="14.785" classname="com.noorteck.qa.tests.LoginPageTest"/>
</testsuite> <!-- com.noorteck.qa.tests.LoginPageTest -->
